<?xml version="1.0" encoding="UTF-8"?>
<!-- Generated by org.testng.reporters.JUnitReportReporter -->
<testsuite hostname="DESKTOP-KCC92QF" failures="0" tests="1" name="com.banking.testCases.TC_AddCustTest_003" time="20.029" errors="0" timestamp="2022-01-26T14:57:58 IST" skipped="0">
  <testcase classname="com.banking.testCases.TC_AddCustTest_003" name="addNewCustomer" time="20.029"/>
  <system-out/>
</testsuite> <!-- com.banking.testCases.TC_AddCustTest_003 -->
