<?xml version="1.0" encoding="UTF-8"?>
<!-- Generated by org.testng.reporters.JUnitReportReporter -->
<testsuite hostname="DESKTOP-KCC92QF" failures="0" tests="1" name="com.banking.testCases.TC_LoginPage_001" time="2.810" errors="0" timestamp="2022-01-26T14:57:58 IST" skipped="0">
  <testcase classname="com.banking.testCases.TC_LoginPage_001" name="loginTest" time="2.810"/>
  <system-out/>
</testsuite> <!-- com.banking.testCases.TC_LoginPage_001 -->
